<?xml version="1.0" encoding="UTF-8"?>
<testng-results ignored="0" total="2" passed="2" failed="0" skipped="0">
  <reporter-output>
  </reporter-output>
  <suite started-at="2021-05-28T16:17:48 ICT" name="Command line suite" finished-at="2021-05-28T16:20:24 ICT" duration-ms="156419">
    <groups>
    </groups>
    <test started-at="2021-05-28T16:17:48 ICT" name="Command line test" finished-at="2021-05-28T16:20:24 ICT" duration-ms="156419">
      <class name="test.bellMountainTest">
        <test-method is-config="true" signature="setupClass()[pri:0, instance:test.bellMountainTest@64485a47]" started-at="2021-05-28T16:17:48 ICT" name="setupClass" finished-at="2021-05-28T16:17:50 ICT" duration-ms="1685" status="PASS">
          <reporter-output>
          </reporter-output>
        </test-method> <!-- setupClass -->
        <test-method is-config="true" signature="setupTest()[pri:0, instance:test.bellMountainTest@64485a47]" started-at="2021-05-28T16:17:50 ICT" name="setupTest" finished-at="2021-05-28T16:17:51 ICT" duration-ms="910" status="PASS">
          <reporter-output>
          </reporter-output>
        </test-method> <!-- setupTest -->
        <test-method signature="testCircleRoute()[pri:0, instance:test.bellMountainTest@64485a47]" started-at="2021-05-28T16:17:51 ICT" name="testCircleRoute" finished-at="2021-05-28T16:18:50 ICT" duration-ms="59201" status="PASS">
          <reporter-output>
          </reporter-output>
        </test-method> <!-- testCircleRoute -->
        <test-method is-config="true" signature="after()[pri:0, instance:test.bellMountainTest@64485a47]" started-at="2021-05-28T16:18:50 ICT" name="after" finished-at="2021-05-28T16:18:50 ICT" duration-ms="138" status="PASS">
          <reporter-output>
          </reporter-output>
        </test-method> <!-- after -->
        <test-method is-config="true" signature="setupTest()[pri:0, instance:test.bellMountainTest@64485a47]" started-at="2021-05-28T16:18:50 ICT" name="setupTest" finished-at="2021-05-28T16:18:51 ICT" duration-ms="661" status="PASS">
          <reporter-output>
          </reporter-output>
        </test-method> <!-- setupTest -->
        <test-method signature="testViewPortAndChangeScene()[pri:0, instance:test.bellMountainTest@64485a47]" started-at="2021-05-28T16:18:51 ICT" name="testViewPortAndChangeScene" finished-at="2021-05-28T16:20:24 ICT" duration-ms="93643" status="PASS">
          <reporter-output>
          </reporter-output>
        </test-method> <!-- testViewPortAndChangeScene -->
        <test-method is-config="true" signature="after()[pri:0, instance:test.bellMountainTest@64485a47]" started-at="2021-05-28T16:20:24 ICT" name="after" finished-at="2021-05-28T16:20:24 ICT" duration-ms="159" status="PASS">
          <reporter-output>
          </reporter-output>
        </test-method> <!-- after -->
      </class> <!-- test.bellMountainTest -->
    </test> <!-- Command line test -->
  </suite> <!-- Command line suite -->
</testng-results>
