<?xml version="1.0" encoding="UTF-8"?>
<testng-results ignored="0" total="1" passed="1" failed="0" skipped="0">
  <reporter-output>
  </reporter-output>
  <suite started-at="2021-05-28T14:58:36 ICT" name="Command line suite" finished-at="2021-05-28T14:59:44 ICT" duration-ms="68350">
    <groups>
    </groups>
    <test started-at="2021-05-28T14:58:36 ICT" name="Command line test" finished-at="2021-05-28T14:59:44 ICT" duration-ms="68350">
      <class name="test.bellMountainTest">
        <test-method is-config="true" signature="setupClass()[pri:0, instance:test.bellMountainTest@1990a65e]" started-at="2021-05-28T14:58:36 ICT" name="setupClass" finished-at="2021-05-28T14:58:37 ICT" duration-ms="1390" status="PASS">
          <reporter-output>
          </reporter-output>
        </test-method> <!-- setupClass -->
        <test-method is-config="true" signature="setupTest()[pri:0, instance:test.bellMountainTest@1990a65e]" started-at="2021-05-28T14:58:37 ICT" name="setupTest" finished-at="2021-05-28T14:58:38 ICT" duration-ms="971" status="PASS">
          <reporter-output>
          </reporter-output>
        </test-method> <!-- setupTest -->
        <test-method signature="bellTest()[pri:0, instance:test.bellMountainTest@1990a65e]" started-at="2021-05-28T14:58:38 ICT" name="bellTest" finished-at="2021-05-28T14:59:44 ICT" duration-ms="65789" status="PASS">
          <reporter-output>
          </reporter-output>
        </test-method> <!-- bellTest -->
        <test-method is-config="true" signature="after()[pri:0, instance:test.bellMountainTest@1990a65e]" started-at="2021-05-28T14:59:44 ICT" name="after" finished-at="2021-05-28T14:59:44 ICT" duration-ms="176" status="PASS">
          <reporter-output>
          </reporter-output>
        </test-method> <!-- after -->
      </class> <!-- test.bellMountainTest -->
    </test> <!-- Command line test -->
  </suite> <!-- Command line suite -->
</testng-results>
